app/build/outputs/logs/manifest-merger-release-report.txt
-- Merging decision tree log ---
provider#com.yx.Pharmacy.widget.BuglyFileProvider
INJECTED from src\main\AndroidManifest.xml:66:9-76:20
	android:grantUriPermissions
		ADDED from src\main\AndroidManifest.xml:70:13-47
	android:authorities
		INJECTED from src\main\AndroidManifest.xml
		ADDED from src\main\AndroidManifest.xml:68:13-64
	android:exported
		ADDED from src\main\AndroidManifest.xml:69:13-37
	tools:replace
		ADDED from src\main\AndroidManifest.xml:71:13-74
	android:name
		ADDED from src\main\AndroidManifest.xml:67:13-53
manifest
ADDED from src\main\AndroidManifest.xml:2:1-229:12
INJECTED from src\main\AndroidManifest.xml:2:1-229:12
INJECTED from src\main\AndroidManifest.xml:2:1-229:12
INJECTED from src\main\AndroidManifest.xml:2:1-229:12
MERGED from [com.github.barteksc:android-pdf-viewer:3.1.0-beta.1] AndroidManifest.xml:2:1-11:12
MERGED from [com.github.pinguo-zhouwei:MZBannerView:v2.0.2] AndroidManifest.xml:2:1-17:12
MERGED from [cn.jiguang.sdk:jpush:3.1.5] AndroidManifest.xml:2:1-133:12
MERGED from [cn.jiguang.sdk:jcore:1.2.3] AndroidManifest.xml:2:1-14:12
MERGED from [com.qiyukf.unicorn:unicorn:4.3.0] AndroidManifest.xml:2:1-139:12
MERGED from [com.tencent.bugly:crashreport_upgrade:1.3.7] AndroidManifest.xml:2:1-46:12
MERGED from [com.tencent.bugly:nativecrashreport:3.6.0.1] AndroidManifest.xml:2:1-9:12
MERGED from [cn.sharesdk:ShareSDK:3.5.0] AndroidManifest.xml:2:1-11:12
MERGED from [cn.sharesdk:OneKeyShare:3.5.0] AndroidManifest.xml:2:1-11:12
MERGED from [:CordovaLib] AndroidManifest.xml:20:1-27:12
MERGED from [com.android.support.constraint:constraint-layout:1.0.2] AndroidManifest.xml:2:1-11:12
MERGED from [:picture_library] AndroidManifest.xml:2:1-72:12
MERGED from [:ucrop] AndroidManifest.xml:2:1-11:12
MERGED from [com.android.support:design:27.1.0] AndroidManifest.xml:17:1-22:12
MERGED from [com.android.support:appcompat-v7:27.1.0] AndroidManifest.xml:17:1-22:12
MERGED from [com.android.support:palette-v7:27.1.0] AndroidManifest.xml:17:1-22:12
MERGED from [com.github.barteksc:pdfium-android:1.9.0] AndroidManifest.xml:2:1-11:12
MERGED from [com.android.support:support-v4:27.1.0] AndroidManifest.xml:17:1-22:12
MERGED from [com.github.CymChad:BaseRecyclerViewAdapterHelper:2.9.30] AndroidManifest.xml:2:1-11:12
MERGED from [com.jakewharton:butterknife:8.8.1] AndroidManifest.xml:2:1-7:12
MERGED from [com.youth.banner:banner:1.4.5] AndroidManifest.xml:2:1-11:12
MERGED from [io.reactivex.rxjava2:rxandroid:2.0.1] AndroidManifest.xml:15:1-21:12
MERGED from [com.hwangjr.rxbus:rxbus:1.0.6] AndroidManifest.xml:2:1-14:12
MERGED from [jp.wasabeef:glide-transformations:2.0.1] AndroidManifest.xml:2:1-12:12
MERGED from [com.android.support:cardview-v7:27.1.0] AndroidManifest.xml:17:1-22:12
MERGED from [com.github.iwgang:countdownview:2.1.6] AndroidManifest.xml:2:1-12:12
MERGED from [cn.qqtheme.framework:WheelPicker:1.5.5] AndroidManifest.xml:2:1-12:12
MERGED from [com.github.chrisbanes:PhotoView:2.1.3] AndroidManifest.xml:2:1-12:12
MERGED from [com.squareup.leakcanary:leakcanary-android-no-op:1.4-beta2] AndroidManifest.xml:17:1-24:12
MERGED from [com.android.support:multidex:1.0.2] AndroidManifest.xml:17:1-22:12
MERGED from [com.android.support:transition:27.1.0] AndroidManifest.xml:17:1-22:12
MERGED from [com.android.support:support-fragment:27.1.0] AndroidManifest.xml:17:1-22:12
MERGED from [com.android.support:animated-vector-drawable:27.1.0] AndroidManifest.xml:17:1-22:12
MERGED from [com.android.support:support-vector-drawable:27.1.0] AndroidManifest.xml:17:1-22:12
MERGED from [com.android.support:recyclerview-v7:27.1.0] AndroidManifest.xml:17:1-22:12
MERGED from [com.android.support:support-core-ui:27.1.0] AndroidManifest.xml:17:1-22:12
MERGED from [com.android.support:support-media-compat:27.1.0] AndroidManifest.xml:17:1-22:12
MERGED from [com.android.support:support-core-utils:27.1.0] AndroidManifest.xml:17:1-22:12
MERGED from [com.android.support:support-compat:27.1.0] AndroidManifest.xml:17:1-22:12
MERGED from [io.reactivex:rxandroid:1.2.1] AndroidManifest.xml:15:1-21:12
MERGED from [com.jakewharton.timber:timber:4.5.1] AndroidManifest.xml:2:1-10:12
MERGED from [cn.qqtheme.framework:Common:1.5.5] AndroidManifest.xml:2:1-12:12
MERGED from [android.arch.lifecycle:livedata-core:1.1.0] AndroidManifest.xml:17:1-22:12
MERGED from [android.arch.lifecycle:viewmodel:1.1.0] AndroidManifest.xml:17:1-22:12
MERGED from [android.arch.lifecycle:runtime:1.1.0] AndroidManifest.xml:17:1-22:12
MERGED from [android.arch.core:runtime:1.1.0] AndroidManifest.xml:17:1-22:12
INJECTED from src\main\AndroidManifest.xml:2:1-229:12
INJECTED from src\main\AndroidManifest.xml:2:1-229:12
INJECTED from src\main\AndroidManifest.xml:2:1-229:12
	package
		ADDED from src\main\AndroidManifest.xml:4:5-30
		INJECTED from src\main\AndroidManifest.xml
		INJECTED from src\main\AndroidManifest.xml
	android:versionName
		INJECTED from src\main\AndroidManifest.xml
		ADDED from src\main\AndroidManifest.xml:2:1-229:12
		INJECTED from src\main\AndroidManifest.xml
	xmlns:tools
		ADDED from src\main\AndroidManifest.xml:3:5-51
	android:hardwareAccelerated
		ADDED from src\main\AndroidManifest.xml:5:5-39
	android:versionCode
		INJECTED from src\main\AndroidManifest.xml
		ADDED from src\main\AndroidManifest.xml:2:1-229:12
		INJECTED from src\main\AndroidManifest.xml
	xmlns:android
		ADDED from src\main\AndroidManifest.xml:2:11-69
supports-screens
ADDED from src\main\AndroidManifest.xml:8:5-14:40
	android:largeScreens
		ADDED from src\main\AndroidManifest.xml:10:9-36
	android:smallScreens
		ADDED from src\main\AndroidManifest.xml:13:9-36
	android:normalScreens
		ADDED from src\main\AndroidManifest.xml:11:9-37
	android:xlargeScreens
		ADDED from src\main\AndroidManifest.xml:14:9-37
	android:resizeable
		ADDED from src\main\AndroidManifest.xml:12:9-34
	android:anyDensity
		ADDED from src\main\AndroidManifest.xml:9:9-34
uses-permission#android.permission.INTERNET
ADDED from src\main\AndroidManifest.xml:16:5-67
MERGED from [cn.jiguang.sdk:jpush:3.1.5] AndroidManifest.xml:18:5-67
MERGED from [cn.jiguang.sdk:jpush:3.1.5] AndroidManifest.xml:18:5-67
MERGED from [com.qiyukf.unicorn:unicorn:4.3.0] AndroidManifest.xml:12:5-67
MERGED from [com.qiyukf.unicorn:unicorn:4.3.0] AndroidManifest.xml:12:5-67
MERGED from [com.tencent.bugly:crashreport_upgrade:1.3.7] AndroidManifest.xml:12:5-67
MERGED from [com.tencent.bugly:crashreport_upgrade:1.3.7] AndroidManifest.xml:12:5-67
MERGED from [:picture_library] AndroidManifest.xml:15:5-67
MERGED from [:picture_library] AndroidManifest.xml:15:5-67
	android:name
		ADDED from src\main\AndroidManifest.xml:16:22-64
uses-permission#android.permission.REQUEST_INSTALL_PACKAGES
ADDED from src\main\AndroidManifest.xml:17:5-83
MERGED from [com.qiyukf.unicorn:unicorn:4.3.0] AndroidManifest.xml:32:5-83
MERGED from [com.qiyukf.unicorn:unicorn:4.3.0] AndroidManifest.xml:32:5-83
MERGED from [com.tencent.bugly:crashreport_upgrade:1.3.7] AndroidManifest.xml:17:5-83
MERGED from [com.tencent.bugly:crashreport_upgrade:1.3.7] AndroidManifest.xml:17:5-83
	android:name
		ADDED from src\main\AndroidManifest.xml:17:22-80
uses-permission#android.permission.ACCESS_NETWORK_STATE
ADDED from src\main\AndroidManifest.xml:18:5-79
MERGED from [cn.jiguang.sdk:jpush:3.1.5] AndroidManifest.xml:26:5-79
MERGED from [cn.jiguang.sdk:jpush:3.1.5] AndroidManifest.xml:26:5-79
MERGED from [com.qiyukf.unicorn:unicorn:4.3.0] AndroidManifest.xml:13:5-79
MERGED from [com.qiyukf.unicorn:unicorn:4.3.0] AndroidManifest.xml:13:5-79
MERGED from [com.tencent.bugly:crashreport_upgrade:1.3.7] AndroidManifest.xml:13:5-79
MERGED from [com.tencent.bugly:crashreport_upgrade:1.3.7] AndroidManifest.xml:13:5-79
MERGED from [:picture_library] AndroidManifest.xml:21:5-79
MERGED from [:picture_library] AndroidManifest.xml:21:5-79
	android:name
		ADDED from src\main\AndroidManifest.xml:18:22-76
uses-permission#android.permission.ACCESS_WIFI_STATE
ADDED from src\main\AndroidManifest.xml:19:5-76
MERGED from [cn.jiguang.sdk:jpush:3.1.5] AndroidManifest.xml:27:5-76
MERGED from [cn.jiguang.sdk:jpush:3.1.5] AndroidManifest.xml:27:5-76
MERGED from [com.qiyukf.unicorn:unicorn:4.3.0] AndroidManifest.xml:14:5-76
MERGED from [com.qiyukf.unicorn:unicorn:4.3.0] AndroidManifest.xml:14:5-76
MERGED from [com.tencent.bugly:crashreport_upgrade:1.3.7] AndroidManifest.xml:14:5-76
MERGED from [com.tencent.bugly:crashreport_upgrade:1.3.7] AndroidManifest.xml:14:5-76
MERGED from [:picture_library] AndroidManifest.xml:17:5-76
MERGED from [:picture_library] AndroidManifest.xml:17:5-76
	android:name
		ADDED from src\main\AndroidManifest.xml:19:22-73
uses-permission#android.permission.READ_PHONE_STATE
ADDED from src\main\AndroidManifest.xml:20:5-75
MERGED from [cn.jiguang.sdk:jpush:3.1.5] AndroidManifest.xml:20:5-75
MERGED from [cn.jiguang.sdk:jpush:3.1.5] AndroidManifest.xml:20:5-75
MERGED from [com.qiyukf.unicorn:unicorn:4.3.0] AndroidManifest.xml:17:5-75
MERGED from [com.qiyukf.unicorn:unicorn:4.3.0] AndroidManifest.xml:17:5-75
MERGED from [com.tencent.bugly:crashreport_upgrade:1.3.7] AndroidManifest.xml:11:5-75
MERGED from [com.tencent.bugly:crashreport_upgrade:1.3.7] AndroidManifest.xml:11:5-75
	android:name
		ADDED from src\main\AndroidManifest.xml:20:22-72
uses-permission#android.permission.WRITE_EXTERNAL_STORAGE
ADDED from src\main\AndroidManifest.xml:21:5-81
MERGED from [cn.jiguang.sdk:jpush:3.1.5] AndroidManifest.xml:21:5-81
MERGED from [cn.jiguang.sdk:jpush:3.1.5] AndroidManifest.xml:21:5-81
MERGED from [com.qiyukf.unicorn:unicorn:4.3.0] AndroidManifest.xml:25:5-81
MERGED from [com.qiyukf.unicorn:unicorn:4.3.0] AndroidManifest.xml:25:5-81
MERGED from [com.tencent.bugly:crashreport_upgrade:1.3.7] AndroidManifest.xml:16:5-81
MERGED from [com.tencent.bugly:crashreport_upgrade:1.3.7] AndroidManifest.xml:16:5-81
MERGED from [:picture_library] AndroidManifest.xml:12:5-81
MERGED from [:picture_library] AndroidManifest.xml:12:5-81
	android:name
		ADDED from src\main\AndroidManifest.xml:21:22-78
uses-permission#android.permission.ACCESS_FINE_LOCATION
ADDED from src\main\AndroidManifest.xml:23:5-79
MERGED from [cn.jiguang.sdk:jpush:3.1.5] AndroidManifest.xml:33:5-79
MERGED from [cn.jiguang.sdk:jpush:3.1.5] AndroidManifest.xml:33:5-79
	android:name
		ADDED from src\main\AndroidManifest.xml:23:22-76
uses-permission#android.permission.ACCESS_COARSE_LOCATION
ADDED from src\main\AndroidManifest.xml:25:5-81
MERGED from [cn.jiguang.sdk:jpush:3.1.5] AndroidManifest.xml:31:5-81
MERGED from [cn.jiguang.sdk:jpush:3.1.5] AndroidManifest.xml:31:5-81
	android:name
		ADDED from src\main\AndroidManifest.xml:25:22-78
uses-permission#android.permission.CHANGE_WIFI_STATE
ADDED from src\main\AndroidManifest.xml:27:5-76
MERGED from [cn.jiguang.sdk:jpush:3.1.5] AndroidManifest.xml:32:5-76
MERGED from [cn.jiguang.sdk:jpush:3.1.5] AndroidManifest.xml:32:5-76
	android:name
		ADDED from src\main\AndroidManifest.xml:27:22-73
uses-permission#android.permission.CHANGE_NETWORK_STATE
ADDED from src\main\AndroidManifest.xml:29:5-79
MERGED from [cn.jiguang.sdk:jpush:3.1.5] AndroidManifest.xml:35:5-79
MERGED from [cn.jiguang.sdk:jpush:3.1.5] AndroidManifest.xml:35:5-79
	android:name
		ADDED from src\main\AndroidManifest.xml:29:22-76
uses-permission#android.permission.READ_EXTERNAL_STORAGE
ADDED from src\main\AndroidManifest.xml:30:5-80
MERGED from [cn.jiguang.sdk:jpush:3.1.5] AndroidManifest.xml:22:5-80
MERGED from [cn.jiguang.sdk:jpush:3.1.5] AndroidManifest.xml:22:5-80
MERGED from [com.qiyukf.unicorn:unicorn:4.3.0] AndroidManifest.xml:24:5-80
MERGED from [com.qiyukf.unicorn:unicorn:4.3.0] AndroidManifest.xml:24:5-80
MERGED from [:picture_library] AndroidManifest.xml:11:5-80
MERGED from [:picture_library] AndroidManifest.xml:11:5-80
	android:name
		ADDED from src\main\AndroidManifest.xml:30:22-77
uses-permission#android.permission.CAMERA
ADDED from src\main\AndroidManifest.xml:31:5-65
MERGED from [com.qiyukf.unicorn:unicorn:4.3.0] AndroidManifest.xml:28:5-65
MERGED from [com.qiyukf.unicorn:unicorn:4.3.0] AndroidManifest.xml:28:5-65
MERGED from [:picture_library] AndroidManifest.xml:13:5-65
MERGED from [:picture_library] AndroidManifest.xml:13:5-65
	android:name
		ADDED from src\main\AndroidManifest.xml:31:22-62
uses-permission#android.permission.GET_TASKS
ADDED from src\main\AndroidManifest.xml:32:5-68
	android:name
		ADDED from src\main\AndroidManifest.xml:32:22-65
uses-permission#android.permission.MODIFY_AUDIO_SETTINGS
ADDED from src\main\AndroidManifest.xml:33:5-80
MERGED from [com.qiyukf.unicorn:unicorn:4.3.0] AndroidManifest.xml:21:5-80
MERGED from [com.qiyukf.unicorn:unicorn:4.3.0] AndroidManifest.xml:21:5-80
	android:name
		ADDED from src\main\AndroidManifest.xml:33:22-77
uses-permission#android.permission.READ_LOGS
ADDED from src\main\AndroidManifest.xml:34:5-68
MERGED from [com.tencent.bugly:crashreport_upgrade:1.3.7] AndroidManifest.xml:15:5-68
MERGED from [com.tencent.bugly:crashreport_upgrade:1.3.7] AndroidManifest.xml:15:5-68
	android:name
		ADDED from src\main\AndroidManifest.xml:34:22-65
uses-permission#android.permission.RECORD_AUDIO
ADDED from src\main\AndroidManifest.xml:35:5-71
MERGED from [com.qiyukf.unicorn:unicorn:4.3.0] AndroidManifest.xml:29:5-71
MERGED from [com.qiyukf.unicorn:unicorn:4.3.0] AndroidManifest.xml:29:5-71
MERGED from [:picture_library] AndroidManifest.xml:22:5-71
MERGED from [:picture_library] AndroidManifest.xml:22:5-71
	android:name
		ADDED from src\main\AndroidManifest.xml:35:22-68
uses-permission#android.permission.VIBRATE
ADDED from src\main\AndroidManifest.xml:36:5-66
MERGED from [cn.jiguang.sdk:jpush:3.1.5] AndroidManifest.xml:24:5-66
MERGED from [cn.jiguang.sdk:jpush:3.1.5] AndroidManifest.xml:24:5-66
MERGED from [com.qiyukf.unicorn:unicorn:4.3.0] AndroidManifest.xml:18:5-66
MERGED from [com.qiyukf.unicorn:unicorn:4.3.0] AndroidManifest.xml:18:5-66
	android:name
		ADDED from src\main\AndroidManifest.xml:36:22-63
uses-permission#android.permission.WAKE_LOCK
ADDED from src\main\AndroidManifest.xml:37:5-68
MERGED from [cn.jiguang.sdk:jpush:3.1.5] AndroidManifest.xml:19:5-68
MERGED from [cn.jiguang.sdk:jpush:3.1.5] AndroidManifest.xml:19:5-68
MERGED from [com.qiyukf.unicorn:unicorn:4.3.0] AndroidManifest.xml:19:5-68
MERGED from [com.qiyukf.unicorn:unicorn:4.3.0] AndroidManifest.xml:19:5-68
	android:name
		ADDED from src\main\AndroidManifest.xml:37:22-65
uses-permission#android.permission.MOUNT_UNMOUNT_FILESYSTEMS
ADDED from src\main\AndroidManifest.xml:38:5-84
MERGED from [cn.jiguang.sdk:jpush:3.1.5] AndroidManifest.xml:25:5-84
MERGED from [cn.jiguang.sdk:jpush:3.1.5] AndroidManifest.xml:25:5-84
MERGED from [:picture_library] AndroidManifest.xml:14:5-84
MERGED from [:picture_library] AndroidManifest.xml:14:5-84
	android:name
		ADDED from src\main\AndroidManifest.xml:38:22-81
uses-permission#android.permission.CALL_PHONE
ADDED from src\main\AndroidManifest.xml:39:5-69
	android:name
		ADDED from src\main\AndroidManifest.xml:39:22-66
uses-permission#android.permission.SYSTEM_ALERT_WINDOW
ADDED from src\main\AndroidManifest.xml:40:5-78
MERGED from [cn.jiguang.sdk:jpush:3.1.5] AndroidManifest.xml:30:5-78
MERGED from [cn.jiguang.sdk:jpush:3.1.5] AndroidManifest.xml:30:5-78
	android:name
		ADDED from src\main\AndroidManifest.xml:40:22-75
uses-permission#android.permission.SYSTEM_OVERLAY_WINDOW
ADDED from src\main\AndroidManifest.xml:41:5-80
	android:name
		ADDED from src\main\AndroidManifest.xml:41:22-77
uses-permission#android.permission.RECEIVE_USER_PRESENT
ADDED from src\main\AndroidManifest.xml:43:5-79
MERGED from [cn.jiguang.sdk:jpush:3.1.5] AndroidManifest.xml:17:5-79
MERGED from [cn.jiguang.sdk:jpush:3.1.5] AndroidManifest.xml:17:5-79
	android:name
		ADDED from src\main\AndroidManifest.xml:43:22-76
uses-permission#android.permission.WRITE_SETTINGS
ADDED from src\main\AndroidManifest.xml:45:5-73
MERGED from [cn.jiguang.sdk:jpush:3.1.5] AndroidManifest.xml:23:5-73
MERGED from [cn.jiguang.sdk:jpush:3.1.5] AndroidManifest.xml:23:5-73
MERGED from [:picture_library] AndroidManifest.xml:16:5-73
MERGED from [:picture_library] AndroidManifest.xml:16:5-73
	android:name
		ADDED from src\main\AndroidManifest.xml:45:22-70
application
ADDED from src\main\AndroidManifest.xml:47:5-227:19
MERGED from [com.github.pinguo-zhouwei:MZBannerView:v2.0.2] AndroidManifest.xml:11:5-15:19
MERGED from [com.github.pinguo-zhouwei:MZBannerView:v2.0.2] AndroidManifest.xml:11:5-15:19
MERGED from [cn.jiguang.sdk:jpush:3.1.5] AndroidManifest.xml:37:5-131:19
MERGED from [cn.jiguang.sdk:jpush:3.1.5] AndroidManifest.xml:37:5-131:19
MERGED from [cn.jiguang.sdk:jcore:1.2.3] AndroidManifest.xml:11:5-12:19
MERGED from [cn.jiguang.sdk:jcore:1.2.3] AndroidManifest.xml:11:5-12:19
MERGED from [com.qiyukf.unicorn:unicorn:4.3.0] AndroidManifest.xml:41:5-137:19
MERGED from [com.qiyukf.unicorn:unicorn:4.3.0] AndroidManifest.xml:41:5-137:19
MERGED from [com.tencent.bugly:crashreport_upgrade:1.3.7] AndroidManifest.xml:20:5-44:19
MERGED from [com.tencent.bugly:crashreport_upgrade:1.3.7] AndroidManifest.xml:20:5-44:19
MERGED from [com.android.support.constraint:constraint-layout:1.0.2] AndroidManifest.xml:9:5-20
MERGED from [com.android.support.constraint:constraint-layout:1.0.2] AndroidManifest.xml:9:5-20
MERGED from [:picture_library] AndroidManifest.xml:24:5-70:19
MERGED from [:picture_library] AndroidManifest.xml:24:5-70:19
MERGED from [com.hwangjr.rxbus:rxbus:1.0.6] AndroidManifest.xml:9:5-12:19
MERGED from [com.hwangjr.rxbus:rxbus:1.0.6] AndroidManifest.xml:9:5-12:19
MERGED from [com.jakewharton.timber:timber:4.5.1] AndroidManifest.xml:8:5-20
MERGED from [com.jakewharton.timber:timber:4.5.1] AndroidManifest.xml:8:5-20
	android:supportsRtl
		ADDED from src\main\AndroidManifest.xml:52:9-35
	android:label
		ADDED from src\main\AndroidManifest.xml:51:9-41
	android:hardwareAccelerated
		ADDED from src\main\AndroidManifest.xml:49:9-43
	android:allowBackup
		ADDED from [com.github.pinguo-zhouwei:MZBannerView:v2.0.2] AndroidManifest.xml:12:9-35
	android:icon
		ADDED from src\main\AndroidManifest.xml:50:9-38
	android:theme
		ADDED from src\main\AndroidManifest.xml:53:9-40
	android:name
		ADDED from src\main\AndroidManifest.xml:48:9-35
provider#com.yx.Pharmacy.widget.PictureProvider
ADDED from src\main\AndroidManifest.xml:54:9-64:20
	android:grantUriPermissions
		ADDED from src\main\AndroidManifest.xml:58:13-47
	android:authorities
		ADDED from src\main\AndroidManifest.xml:56:13-59
	xmlns:tools
		ADDED from src\main\AndroidManifest.xml:54:19-65
	android:exported
		ADDED from src\main\AndroidManifest.xml:57:13-37
	tools:replace
		ADDED from src\main\AndroidManifest.xml:59:13-48
	android:name
		ADDED from src\main\AndroidManifest.xml:55:13-51
meta-data#android.support.FILE_PROVIDER_PATHS
ADDED from src\main\AndroidManifest.xml:60:13-63:52
	android:resource
		ADDED from src\main\AndroidManifest.xml:62:17-54
	tools:replace
		ADDED from src\main\AndroidManifest.xml:63:17-49
	android:name
		ADDED from src\main\AndroidManifest.xml:61:17-67
activity#com.yx.Pharmacy.activity.SplashActivity
ADDED from src\main\AndroidManifest.xml:78:9-89:20
	android:windowSoftInputMode
		ADDED from src\main\AndroidManifest.xml:81:13-64
	android:configChanges
		ADDED from src\main\AndroidManifest.xml:80:13-90
	android:theme
		ADDED from src\main\AndroidManifest.xml:82:13-45
	android:name
		ADDED from src\main\AndroidManifest.xml:79:13-52
intent-filter#action:name:android.intent.action.MAIN+category:name:android.intent.category.LAUNCHER
ADDED from src\main\AndroidManifest.xml:83:13-88:29
	android:label
		ADDED from src\main\AndroidManifest.xml:83:28-60
action#android.intent.action.MAIN
ADDED from src\main\AndroidManifest.xml:84:17-69
	android:name
		ADDED from src\main\AndroidManifest.xml:84:25-66
category#android.intent.category.LAUNCHER
ADDED from src\main\AndroidManifest.xml:86:17-77
	android:name
		ADDED from src\main\AndroidManifest.xml:86:27-74
activity#com.yx.Pharmacy.MainActivity
ADDED from src\main\AndroidManifest.xml:90:9-95:66
	android:screenOrientation
		ADDED from src\main\AndroidManifest.xml:92:13-49
	android:launchMode
		ADDED from src\main\AndroidManifest.xml:94:13-44
	android:windowSoftInputMode
		ADDED from src\main\AndroidManifest.xml:95:13-64
	android:exported
		ADDED from src\main\AndroidManifest.xml:91:13-36
	android:name
		ADDED from src\main\AndroidManifest.xml:93:13-41
activity#com.yx.Pharmacy.activity.ProductDetailActivity
ADDED from src\main\AndroidManifest.xml:97:9-101:66
	android:screenOrientation
		ADDED from src\main\AndroidManifest.xml:99:13-49
	android:windowSoftInputMode
		ADDED from src\main\AndroidManifest.xml:101:13-64
	android:exported
		ADDED from src\main\AndroidManifest.xml:98:13-36
	android:name
		ADDED from src\main\AndroidManifest.xml:100:13-59
activity#com.yx.Pharmacy.activity.RegisterActivity
ADDED from src\main\AndroidManifest.xml:103:9-63
	android:name
		ADDED from src\main\AndroidManifest.xml:103:19-60
activity#com.yx.Pharmacy.activity.LoginActivity
ADDED from src\main\AndroidManifest.xml:104:9-106:55
	android:windowSoftInputMode
		ADDED from src\main\AndroidManifest.xml:106:13-52
	android:name
		ADDED from src\main\AndroidManifest.xml:105:13-51
activity#com.tencent.bugly.beta.ui.BetaActivity
ADDED from src\main\AndroidManifest.xml:108:9-111:64
MERGED from [com.tencent.bugly:crashreport_upgrade:1.3.7] AndroidManifest.xml:23:9-27:56
MERGED from [com.tencent.bugly:crashreport_upgrade:1.3.7] AndroidManifest.xml:23:9-27:56
	android:configChanges
		ADDED from src\main\AndroidManifest.xml:110:13-81
	android:theme
		ADDED from src\main\AndroidManifest.xml:111:13-61
	tools:replace
		ADDED from [com.tencent.bugly:crashreport_upgrade:1.3.7] AndroidManifest.xml:27:13-53
	android:name
		ADDED from src\main\AndroidManifest.xml:109:13-66
activity#com.yx.Pharmacy.activity.SettingActivity
ADDED from src\main\AndroidManifest.xml:113:9-62
	android:name
		ADDED from src\main\AndroidManifest.xml:113:19-59
activity#com.yx.Pharmacy.activity.UserInfoActivity
ADDED from src\main\AndroidManifest.xml:114:9-63
	android:name
		ADDED from src\main\AndroidManifest.xml:114:19-60
activity#com.yx.Pharmacy.activity.FeedBackActivity
ADDED from src\main\AndroidManifest.xml:115:9-63
	android:name
		ADDED from src\main\AndroidManifest.xml:115:19-60
activity#com.yx.Pharmacy.activity.ProductCategoryDetailActivity
ADDED from src\main\AndroidManifest.xml:116:9-76
	android:name
		ADDED from src\main\AndroidManifest.xml:116:19-73
activity#com.yx.Pharmacy.activity.OrderDetailActivity
ADDED from src\main\AndroidManifest.xml:117:9-66
	android:name
		ADDED from src\main\AndroidManifest.xml:117:19-63
activity#com.yx.Pharmacy.activity.SearchActivity
ADDED from src\main\AndroidManifest.xml:118:9-120:15
	android:windowSoftInputMode
		ADDED from src\main\AndroidManifest.xml:119:13-56
	android:name
		ADDED from src\main\AndroidManifest.xml:118:19-58
activity#com.yx.Pharmacy.activity.ProductItemActivity
ADDED from src\main\AndroidManifest.xml:121:9-66
	android:name
		ADDED from src\main\AndroidManifest.xml:121:19-63
activity#com.yx.Pharmacy.activity.MyShopActivity
ADDED from src\main\AndroidManifest.xml:122:9-61
	android:name
		ADDED from src\main\AndroidManifest.xml:122:19-58
activity#com.yx.Pharmacy.activity.MyShopAddActivity
ADDED from src\main\AndroidManifest.xml:123:9-64
	android:name
		ADDED from src\main\AndroidManifest.xml:123:19-61
activity#com.yx.Pharmacy.activity.MyCollectActivity
ADDED from src\main\AndroidManifest.xml:124:9-64
	android:name
		ADDED from src\main\AndroidManifest.xml:124:19-61
activity#com.yx.Pharmacy.activity.ChargeMoneyActivity
ADDED from src\main\AndroidManifest.xml:125:9-66
	android:name
		ADDED from src\main\AndroidManifest.xml:125:19-63
activity#com.yx.Pharmacy.activity.MyIntegralActivity
ADDED from src\main\AndroidManifest.xml:126:9-65
	android:name
		ADDED from src\main\AndroidManifest.xml:126:19-62
activity#com.yx.Pharmacy.activity.MyWalletActivity
ADDED from src\main\AndroidManifest.xml:127:9-63
	android:name
		ADDED from src\main\AndroidManifest.xml:127:19-60
activity#com.yx.Pharmacy.activity.OftenBuyActivity
ADDED from src\main\AndroidManifest.xml:128:9-63
	android:name
		ADDED from src\main\AndroidManifest.xml:128:19-60
activity#com.yx.Pharmacy.activity.MyCouponActivity
ADDED from src\main\AndroidManifest.xml:129:9-63
	android:name
		ADDED from src\main\AndroidManifest.xml:129:19-60
activity#com.yx.Pharmacy.activity.CaptureActivity
ADDED from src\main\AndroidManifest.xml:130:9-62
	android:name
		ADDED from src\main\AndroidManifest.xml:130:19-59
activity#com.yx.Pharmacy.activity.MyOrderListActivity
ADDED from src\main\AndroidManifest.xml:131:9-66
	android:name
		ADDED from src\main\AndroidManifest.xml:131:19-63
activity#com.yx.Pharmacy.activity.OrderActivity
ADDED from src\main\AndroidManifest.xml:132:9-60
	android:name
		ADDED from src\main\AndroidManifest.xml:132:19-57
activity#com.yx.Pharmacy.activity.AfterSaleActivity
ADDED from src\main\AndroidManifest.xml:133:9-64
	android:name
		ADDED from src\main\AndroidManifest.xml:133:19-61
activity#com.yx.Pharmacy.activity.PayActivity
ADDED from src\main\AndroidManifest.xml:134:9-58
	android:name
		ADDED from src\main\AndroidManifest.xml:134:19-55
activity#com.yx.Pharmacy.activity.CommendProductActivity
ADDED from src\main\AndroidManifest.xml:135:9-69
	android:name
		ADDED from src\main\AndroidManifest.xml:135:19-66
activity#com.yx.Pharmacy.activity.PdfActivity
ADDED from src\main\AndroidManifest.xml:136:9-58
	android:name
		ADDED from src\main\AndroidManifest.xml:136:19-55
activity#com.yx.Pharmacy.activity.WebviewActivity
ADDED from src\main\AndroidManifest.xml:137:9-62
	android:name
		ADDED from src\main\AndroidManifest.xml:137:19-59
receiver#com.yx.Pharmacy.receiver.YxJPushReceiver
ADDED from src\main\AndroidManifest.xml:139:9-153:20
	android:enabled
		ADDED from src\main\AndroidManifest.xml:141:13-35
	android:exported
		ADDED from src\main\AndroidManifest.xml:142:13-37
	android:name
		ADDED from src\main\AndroidManifest.xml:140:13-53
intent-filter#action:name:cn.jpush.android.intent.CONNECTION+action:name:cn.jpush.android.intent.MESSAGE_RECEIVED+action:name:cn.jpush.android.intent.NOTIFICATION_CLICK_ACTION+action:name:cn.jpush.android.intent.NOTIFICATION_OPENED+action:name:cn.jpush.android.intent.NOTIFICATION_RECEIVED+action:name:cn.jpush.android.intent.REGISTRATION+category:name:com.yx.Pharmacy
ADDED from src\main\AndroidManifest.xml:143:13-152:29
action#cn.jpush.android.intent.REGISTRATION
ADDED from src\main\AndroidManifest.xml:144:17-79
	android:name
		ADDED from src\main\AndroidManifest.xml:144:25-76
action#cn.jpush.android.intent.MESSAGE_RECEIVED
ADDED from src\main\AndroidManifest.xml:145:17-83
	android:name
		ADDED from src\main\AndroidManifest.xml:145:25-80
action#cn.jpush.android.intent.NOTIFICATION_RECEIVED
ADDED from src\main\AndroidManifest.xml:146:17-88
	android:name
		ADDED from src\main\AndroidManifest.xml:146:25-85
action#cn.jpush.android.intent.NOTIFICATION_OPENED
ADDED from src\main\AndroidManifest.xml:147:17-86
	android:name
		ADDED from src\main\AndroidManifest.xml:147:25-83
action#cn.jpush.android.intent.NOTIFICATION_CLICK_ACTION
ADDED from src\main\AndroidManifest.xml:148:17-92
	android:name
		ADDED from src\main\AndroidManifest.xml:148:25-89
action#cn.jpush.android.intent.CONNECTION
ADDED from src\main\AndroidManifest.xml:149:17-77
	android:name
		ADDED from src\main\AndroidManifest.xml:149:25-74
category#com.yx.Pharmacy
ADDED from src\main\AndroidManifest.xml:151:17-60
	android:name
		ADDED from src\main\AndroidManifest.xml:151:27-57
service#cn.jpush.android.service.PushService
ADDED from src\main\AndroidManifest.xml:159:9-161:50
REJECTED from [cn.jiguang.sdk:jpush:3.1.5] AndroidManifest.xml:60:9-71:19
	tools:node
		ADDED from src\main\AndroidManifest.xml:161:18-38
	android:process
		ADDED from src\main\AndroidManifest.xml:160:18-49
	android:name
		ADDED from src\main\AndroidManifest.xml:159:18-69
activity#com.yx.Pharmacy.activity.AskForAfterSaleActivity
ADDED from src\main\AndroidManifest.xml:163:9-70
	android:name
		ADDED from src\main\AndroidManifest.xml:163:19-67
activity#com.yx.Pharmacy.activity.AfterOrderDetailActivity
ADDED from src\main\AndroidManifest.xml:164:9-71
	android:name
		ADDED from src\main\AndroidManifest.xml:164:19-68
activity#com.yx.Pharmacy.activity.WalletDetailActivity
ADDED from src\main\AndroidManifest.xml:165:9-67
	android:name
		ADDED from src\main\AndroidManifest.xml:165:19-64
activity#com.yx.Pharmacy.activity.IntegralDetailActivity
ADDED from src\main\AndroidManifest.xml:166:9-69
	android:name
		ADDED from src\main\AndroidManifest.xml:166:19-66
activity#com.yx.Pharmacy.activity.OrderCreateActivity
ADDED from src\main\AndroidManifest.xml:167:9-66
	android:name
		ADDED from src\main\AndroidManifest.xml:167:19-63
activity#com.yx.Pharmacy.activity.AddBankCardActivity
ADDED from src\main\AndroidManifest.xml:168:9-66
	android:name
		ADDED from src\main\AndroidManifest.xml:168:19-63
activity#com.yx.Pharmacy.activity.AboutActivity
ADDED from src\main\AndroidManifest.xml:169:9-60
	android:name
		ADDED from src\main\AndroidManifest.xml:169:19-57
activity#com.alipay.sdk.app.H5PayActivity
ADDED from src\main\AndroidManifest.xml:172:9-177:70
	android:screenOrientation
		ADDED from src\main\AndroidManifest.xml:176:13-47
	android:windowSoftInputMode
		ADDED from src\main\AndroidManifest.xml:177:13-67
	android:exported
		ADDED from src\main\AndroidManifest.xml:175:13-37
	android:configChanges
		ADDED from src\main\AndroidManifest.xml:174:13-85
	android:name
		ADDED from src\main\AndroidManifest.xml:173:13-60
activity#com.alipay.sdk.app.H5AuthActivity
ADDED from src\main\AndroidManifest.xml:178:9-183:70
	android:screenOrientation
		ADDED from src\main\AndroidManifest.xml:182:13-47
	android:windowSoftInputMode
		ADDED from src\main\AndroidManifest.xml:183:13-67
	android:exported
		ADDED from src\main\AndroidManifest.xml:181:13-37
	android:configChanges
		ADDED from src\main\AndroidManifest.xml:180:13-74
	android:name
		ADDED from src\main\AndroidManifest.xml:179:13-61